<?xml version="1.0" encoding="UTF-8"?>
<!-- Generated by org.testng.reporters.JUnitReportReporter -->
<testsuite hostname="DESKTOP-OLDONQP" failures="0" tests="8" name="com.testngpackage.Assign1" time="77.236" errors="0" timestamp="2022-09-17T01:09:11 IST" skipped="0">
  <testcase classname="com.testngpackage.Assign1" name="launchbrowser" time="4.778"/>
  <system-out/>
  <testcase classname="com.testngpackage.Assign1" name="navigate" time="5.702"/>
  <system-out/>
  <testcase classname="com.testngpackage.Assign1" name="login" time="5.575"/>
  <system-out/>
  <testcase classname="com.testngpackage.Assign1" name="minimize" time="5.156"/>
  <system-out/>
  <testcase classname="com.testngpackage.Assign1" name="createuser" time="42.644"/>
  <system-out/>
  <testcase classname="com.testngpackage.Assign1" name="Deleteuser" time="6.898"/>
  <system-out/>
  <testcase classname="com.testngpackage.Assign1" name="logout" time="5.542"/>
  <system-out/>
  <testcase classname="com.testngpackage.Assign1" name="close" time="0.941"/>
  <system-out/>
</testsuite> <!-- com.testngpackage.Assign1 -->
