<?xml version="1.0" encoding="UTF-8"?>
<!-- Generated by org.testng.reporters.JUnitReportReporter -->
<testsuite hostname="DESKTOP-OLDONQP" failures="0" tests="11" name="com.browser.Assign5" time="84.837" errors="0" timestamp="2022-09-17T14:49:06 IST" skipped="0">
  <testcase classname="com.browser.Assign5" name="launchbrowser" time="7.923"/>
  <system-out/>
  <testcase classname="com.browser.Assign5" name="navigate" time="6.332"/>
  <system-out/>
  <testcase classname="com.browser.Assign5" name="login" time="5.542"/>
  <system-out/>
  <testcase classname="com.browser.Assign5" name="minimize" time="5.106"/>
  <system-out/>
  <testcase classname="com.browser.Assign5" name="createCustomer" time="11.369"/>
  <system-out/>
  <testcase classname="com.browser.Assign5" name="Createproject" time="10.746"/>
  <system-out/>
  <testcase classname="com.browser.Assign5" name="deleteproject" time="8.583"/>
  <system-out/>
  <testcase classname="com.browser.Assign5" name="Modifycustomer" time="10.408"/>
  <system-out/>
  <testcase classname="com.browser.Assign5" name="DeleteCustomer" time="12.162"/>
  <system-out/>
  <testcase classname="com.browser.Assign5" name="logout" time="5.954"/>
  <system-out/>
  <testcase classname="com.browser.Assign5" name="close" time="0.712"/>
  <system-out/>
</testsuite> <!-- com.browser.Assign5 -->
