<?xml version="1.0" encoding="UTF-8"?>
<!-- Generated by org.testng.reporters.JUnitReportReporter -->
<testsuite hostname="DESKTOP-OLDONQP" failures="0" tests="9" name="com.testngpackage.Assign4" time="57.570" errors="0" timestamp="2022-09-17T14:27:09 IST" skipped="0">
  <testcase classname="com.testngpackage.Assign4" name="launchbrowser" time="4.167"/>
  <system-out/>
  <testcase classname="com.testngpackage.Assign4" name="navigate" time="5.558"/>
  <system-out/>
  <testcase classname="com.testngpackage.Assign4" name="login" time="5.450"/>
  <system-out/>
  <testcase classname="com.testngpackage.Assign4" name="minimize" time="5.146"/>
  <system-out/>
  <testcase classname="com.testngpackage.Assign4" name="createCustomer" time="10.606"/>
  <system-out/>
  <testcase classname="com.testngpackage.Assign4" name="Modifycustomer" time="8.786"/>
  <system-out/>
  <testcase classname="com.testngpackage.Assign4" name="DeleteCustomer" time="11.495"/>
  <system-out/>
  <testcase classname="com.testngpackage.Assign4" name="logout" time="5.504"/>
  <system-out/>
  <testcase classname="com.testngpackage.Assign4" name="close" time="0.858"/>
  <system-out/>
</testsuite> <!-- com.testngpackage.Assign4 -->
