<?xml version="1.0" encoding="UTF-8"?>
<!-- Generated by org.testng.reporters.JUnitReportReporter -->
<testsuite hostname="DESKTOP-OLDONQP" failures="0" tests="12" name="com.testngpackage.Assign6" time="101.055" errors="0" timestamp="2022-09-17T22:11:50 IST" skipped="0">
  <testcase classname="com.testngpackage.Assign6" name="launchbrowser" time="14.641"/>
  <system-out/>
  <testcase classname="com.testngpackage.Assign6" name="navigate" time="7.631"/>
  <system-out/>
  <testcase classname="com.testngpackage.Assign6" name="login" time="5.844"/>
  <system-out/>
  <testcase classname="com.testngpackage.Assign6" name="minimize" time="5.145"/>
  <system-out/>
  <testcase classname="com.testngpackage.Assign6" name="createCustomer" time="11.365"/>
  <system-out/>
  <testcase classname="com.testngpackage.Assign6" name="Createproject" time="10.898"/>
  <system-out/>
  <testcase classname="com.testngpackage.Assign6" name="deleteproject" time="8.995"/>
  <system-out/>
  <testcase classname="com.testngpackage.Assign6" name="Modifyproject" time="8.853"/>
  <system-out/>
  <testcase classname="com.testngpackage.Assign6" name="Modifycustomer" time="8.829"/>
  <system-out/>
  <testcase classname="com.testngpackage.Assign6" name="DeleteCustomer" time="11.883"/>
  <system-out/>
  <testcase classname="com.testngpackage.Assign6" name="logout" time="5.907"/>
  <system-out/>
  <testcase classname="com.testngpackage.Assign6" name="close" time="1.064"/>
  <system-out/>
</testsuite> <!-- com.testngpackage.Assign6 -->
