<?xml version="1.0" encoding="UTF-8"?>
<!-- Generated by org.testng.reporters.JUnitReportReporter -->
<testsuite hostname="DESKTOP-OLDONQP" failures="0" tests="9" name="com.testngpackage.Assign2" time="57.655" errors="0" timestamp="2022-09-17T01:42:39 IST" skipped="0">
  <testcase classname="com.testngpackage.Assign2" name="launchbrowser" time="4.736"/>
  <system-out/>
  <testcase classname="com.testngpackage.Assign2" name="navigate" time="5.297"/>
  <system-out/>
  <testcase classname="com.testngpackage.Assign2" name="login" time="5.414"/>
  <system-out/>
  <testcase classname="com.testngpackage.Assign2" name="minimize" time="5.119"/>
  <system-out/>
  <testcase classname="com.testngpackage.Assign2" name="createuser" time="15.141"/>
  <system-out/>
  <testcase classname="com.testngpackage.Assign2" name="Modifyuser" time="8.728"/>
  <system-out/>
  <testcase classname="com.testngpackage.Assign2" name="Deleteuser" time="6.880"/>
  <system-out/>
  <testcase classname="com.testngpackage.Assign2" name="logout" time="5.591"/>
  <system-out/>
  <testcase classname="com.testngpackage.Assign2" name="close" time="0.749"/>
  <system-out/>
</testsuite> <!-- com.testngpackage.Assign2 -->
