<?xml version="1.0" encoding="UTF-8"?>
<!-- Generated by org.testng.reporters.JUnitReportReporter -->
<testsuite hostname="DESKTOP-OLDONQP" failures="0" tests="8" name="com.testngpackage.Assign3" time="54.199" errors="0" timestamp="2022-09-17T01:55:28 IST" skipped="0">
  <testcase classname="com.testngpackage.Assign3" name="launchbrowser" time="8.252"/>
  <system-out/>
  <testcase classname="com.testngpackage.Assign3" name="navigate" time="6.105"/>
  <system-out/>
  <testcase classname="com.testngpackage.Assign3" name="login" time="5.482"/>
  <system-out/>
  <testcase classname="com.testngpackage.Assign3" name="minimize" time="5.171"/>
  <system-out/>
  <testcase classname="com.testngpackage.Assign3" name="createCustomer" time="10.955"/>
  <system-out/>
  <testcase classname="com.testngpackage.Assign3" name="DeleteCustomer" time="11.555"/>
  <system-out/>
  <testcase classname="com.testngpackage.Assign3" name="logout" time="5.876"/>
  <system-out/>
  <testcase classname="com.testngpackage.Assign3" name="close" time="0.803"/>
  <system-out/>
</testsuite> <!-- com.testngpackage.Assign3 -->
